# JRE version: OpenJDK Runtime Environment (21.0+35) (build 21+35-2513)
# Java VM: OpenJDK 64-Bit Server VM (21+35-2513, mixed mode, emulated-client, sharing, tiered, compressed oops, compressed class ptrs, g1 gc, windows-amd64)
GC Precious Log:
 CardTable entry size: 512
 Card Set container configuration: InlinePtr #cards 4 size 8 Array Of Cards #cards 16 size 48 Howl #buckets 8 coarsen threshold 3686 Howl Bitmap #cards 512 size 80 coarsen threshold 460 Card regions per heap region 1 cards per card region 4096
 CPUs: 16 total, 16 available
 Memory: 16043M
 Large Page Support: Disabled
 NUMA Support: Disabled
 Compressed Oops: Enabled (Zero based)
 Heap Region Size: 2M
 Heap Min Capacity: 8M
 Heap Initial Capacity: 252M
 Heap Max Capacity: 4012M
 Pre-touch: Disabled
 Parallel Workers: 13
 Concurrent Workers: 3
 Concurrent Refinement Workers: 13
 Periodic GC: Disabled
Heap:
 garbage-first heap   total 137216K, used 50656K [0x0000000705400000, 0x0000000800000000)
  region size 2048K, 3 young (6144K), 3 survivors (6144K)
 Metaspace       used 93274K, committed 94464K, reserved 1179648K
  class space    used 12996K, committed 13504K, reserved 1048576K
GC Heap History (20 events):
Event: 3733.646 GC heap after
{Heap after GC invocations=430 (full 18):
 garbage-first heap   total 192512K, used 45938K [0x0000000705400000, 0x0000000800000000)
  region size 2048K, 2 young (4096K), 2 survivors (4096K)
 Metaspace       used 92765K, committed 93824K, reserved 1179648K
  class space    used 12925K, committed 13376K, reserved 1048576K
}
Event: 3745.477 GC heap before
{Heap before GC invocations=430 (full 18):
 garbage-first heap   total 192512K, used 156530K [0x0000000705400000, 0x0000000800000000)
  region size 2048K, 56 young (114688K), 2 survivors (4096K)
 Metaspace       used 92765K, committed 93824K, reserved 1179648K
  class space    used 12925K, committed 13376K, reserved 1048576K
}
Event: 3745.479 GC heap after
{Heap after GC invocations=431 (full 18):
 garbage-first heap   total 192512K, used 44547K [0x0000000705400000, 0x0000000800000000)
  region size 2048K, 1 young (2048K), 1 survivors (2048K)
 Metaspace       used 92765K, committed 93824K, reserved 1179648K
  class space    used 12925K, committed 13376K, reserved 1048576K
}
Event: 3757.192 GC heap before
{Heap before GC invocations=431 (full 18):
 garbage-first heap   total 192512K, used 157187K [0x0000000705400000, 0x0000000800000000)
  region size 2048K, 56 young (114688K), 1 survivors (2048K)
 Metaspace       used 92765K, committed 93824K, reserved 1179648K
  class space    used 12925K, committed 13376K, reserved 1048576K
}
Event: 3757.194 GC heap after
{Heap after GC invocations=432 (full 18):
 garbage-first heap   total 192512K, used 44946K [0x0000000705400000, 0x0000000800000000)
  region size 2048K, 2 young (4096K), 2 survivors (4096K)
 Metaspace       used 92765K, committed 93824K, reserved 1179648K
  class space    used 12925K, committed 13376K, reserved 1048576K
}
Event: 3763.148 GC heap before
{Heap before GC invocations=433 (full 18):
 garbage-first heap   total 172032K, used 108434K [0x0000000705400000, 0x0000000800000000)
  region size 2048K, 34 young (69632K), 2 survivors (4096K)
 Metaspace       used 92755K, committed 93824K, reserved 1179648K
  class space    used 12924K, committed 13376K, reserved 1048576K
}
Event: 3763.150 GC heap after
{Heap after GC invocations=434 (full 18):
 garbage-first heap   total 172032K, used 46640K [0x0000000705400000, 0x0000000800000000)
  region size 2048K, 2 young (4096K), 2 survivors (4096K)
 Metaspace       used 92755K, committed 93824K, reserved 1179648K
  class space    used 12924K, committed 13376K, reserved 1048576K
}
Event: 3763.335 GC heap before
{Heap before GC invocations=435 (full 18):
 garbage-first heap   total 163840K, used 44592K [0x0000000705400000, 0x0000000800000000)
  region size 2048K, 3 young (6144K), 2 survivors (4096K)
 Metaspace       used 92774K, committed 93824K, reserved 1179648K
  class space    used 12927K, committed 13376K, reserved 1048576K
}
Event: 3763.353 GC heap after
{Heap after GC invocations=436 (full 19):
 garbage-first heap   total 137216K, used 34123K [0x0000000705400000, 0x0000000800000000)
  region size 2048K, 0 young (0K), 0 survivors (0K)
 Metaspace       used 92766K, committed 93824K, reserved 1179648K
  class space    used 12925K, committed 13376K, reserved 1048576K
}
Event: 3763.847 GC heap before
{Heap before GC invocations=436 (full 19):
 garbage-first heap   total 137216K, used 73035K [0x0000000705400000, 0x0000000800000000)
  region size 2048K, 20 young (40960K), 0 survivors (0K)
 Metaspace       used 92918K, committed 93888K, reserved 1179648K
  class space    used 12956K, committed 13376K, reserved 1048576K
}
Event: 3763.849 GC heap after
{Heap after GC invocations=437 (full 19):
 garbage-first heap   total 137216K, used 39121K [0x0000000705400000, 0x0000000800000000)
  region size 2048K, 3 young (6144K), 3 survivors (6144K)
 Metaspace       used 92918K, committed 93888K, reserved 1179648K
  class space    used 12956K, committed 13376K, reserved 1048576K
}
Event: 3766.784 GC heap before
{Heap before GC invocations=438 (full 19):
 garbage-first heap   total 137216K, used 102609K [0x0000000705400000, 0x0000000800000000)
  region size 2048K, 35 young (71680K), 3 survivors (6144K)
 Metaspace       used 93212K, committed 94208K, reserved 1179648K
  class space    used 12988K, committed 13440K, reserved 1048576K
}
Event: 3766.786 GC heap after
{Heap after GC invocations=439 (full 19):
 garbage-first heap   total 137216K, used 43644K [0x0000000705400000, 0x0000000800000000)
  region size 2048K, 5 young (10240K), 5 survivors (10240K)
 Metaspace       used 93212K, committed 94208K, reserved 1179648K
  class space    used 12988K, committed 13440K, reserved 1048576K
}
Event: 3768.161 GC heap before
{Heap before GC invocations=440 (full 19):
 garbage-first heap   total 137216K, used 111228K [0x0000000705400000, 0x0000000800000000)
  region size 2048K, 38 young (77824K), 5 survivors (10240K)
 Metaspace       used 93358K, committed 94400K, reserved 1179648K
  class space    used 13015K, committed 13504K, reserved 1048576K
}
Event: 3768.165 GC heap after
{Heap after GC invocations=441 (full 19):
 garbage-first heap   total 137216K, used 47601K [0x0000000705400000, 0x0000000800000000)
  region size 2048K, 5 young (10240K), 5 survivors (10240K)
 Metaspace       used 93358K, committed 94400K, reserved 1179648K
  class space    used 13015K, committed 13504K, reserved 1048576K
}
Event: 3773.754 GC heap before
{Heap before GC invocations=441 (full 19):
 garbage-first heap   total 137216K, used 109041K [0x0000000705400000, 0x0000000800000000)
  region size 2048K, 36 young (73728K), 5 survivors (10240K)
 Metaspace       used 93364K, committed 94464K, reserved 1179648K
  class space    used 13017K, committed 13504K, reserved 1048576K
}
Event: 3773.758 GC heap after
{Heap after GC invocations=442 (full 19):
 garbage-first heap   total 137216K, used 49864K [0x0000000705400000, 0x0000000800000000)
  region size 2048K, 3 young (6144K), 3 survivors (6144K)
 Metaspace       used 93364K, committed 94464K, reserved 1179648K
  class space    used 13017K, committed 13504K, reserved 1048576K
}
Event: 3780.725 GC heap before
{Heap before GC invocations=442 (full 19):
 garbage-first heap   total 137216K, used 113352K [0x0000000705400000, 0x0000000800000000)
  region size 2048K, 34 young (69632K), 3 survivors (6144K)
 Metaspace       used 93364K, committed 94464K, reserved 1179648K
  class space    used 13017K, committed 13504K, reserved 1048576K
}
Event: 3780.729 GC heap after
{Heap after GC invocations=443 (full 19):
 garbage-first heap   total 137216K, used 47342K [0x0000000705400000, 0x0000000800000000)
  region size 2048K, 2 young (4096K), 2 survivors (4096K)
 Metaspace       used 93364K, committed 94464K, reserved 1179648K
  class space    used 13017K, committed 13504K, reserved 1048576K
}
Event: 3787.448 GC heap before
{Heap before GC invocations=444 (full 19):
 garbage-first heap   total 137216K, used 114926K [0x0000000705400000, 0x0000000800000000)
  region size 2048K, 35 young (71680K), 2 survivors (4096K)
 Metaspace       used 93274K, committed 94464K, reserved 1179648K
  class space    used 12996K, committed 13504K, reserved 1048576K
}

