# JRE version: OpenJDK Runtime Environment (21.0+35) (build 21+35-2513)
# Java VM: OpenJDK 64-Bit Server VM (21+35-2513, mixed mode, emulated-client, sharing, tiered, compressed oops, compressed class ptrs, g1 gc, windows-amd64)
GC Precious Log:
 CardTable entry size: 512
 Card Set container configuration: InlinePtr #cards 4 size 8 Array Of Cards #cards 16 size 48 Howl #buckets 8 coarsen threshold 3686 Howl Bitmap #cards 512 size 80 coarsen threshold 460 Card regions per heap region 1 cards per card region 4096
 CPUs: 16 total, 16 available
 Memory: 16003M
 Large Page Support: Disabled
 NUMA Support: Disabled
 Compressed Oops: Enabled (Zero based)
 Heap Region Size: 2M
 Heap Min Capacity: 8M
 Heap Initial Capacity: 252M
 Heap Max Capacity: 4002M
 Pre-touch: Disabled
 Parallel Workers: 13
 Concurrent Workers: 3
 Concurrent Refinement Workers: 13
 Periodic GC: Disabled
Heap:
 garbage-first heap   total 159744K, used 26769K [0x0000000705e00000, 0x0000000800000000)
  region size 2048K, 1 young (2048K), 1 survivors (2048K)
 Metaspace       used 40518K, committed 41088K, reserved 1114112K
  class space    used 5498K, committed 5760K, reserved 1048576K
GC Heap History (20 events):
Event: 0.955 GC heap after
{Heap after GC invocations=3 (full 0):
 garbage-first heap   total 258048K, used 12534K [0x0000000705e00000, 0x0000000800000000)
  region size 2048K, 2 young (4096K), 2 survivors (4096K)
 Metaspace       used 15866K, committed 16256K, reserved 1114112K
  class space    used 2109K, committed 2240K, reserved 1048576K
}
Event: 1.212 GC heap before
{Heap before GC invocations=4 (full 0):
 garbage-first heap   total 61440K, used 43254K [0x0000000705e00000, 0x0000000800000000)
  region size 2048K, 18 young (36864K), 2 survivors (4096K)
 Metaspace       used 23032K, committed 23424K, reserved 1114112K
  class space    used 3014K, committed 3200K, reserved 1048576K
}
Event: 1.216 GC heap after
{Heap after GC invocations=5 (full 0):
 garbage-first heap   total 61440K, used 16015K [0x0000000705e00000, 0x0000000800000000)
  region size 2048K, 3 young (6144K), 3 survivors (6144K)
 Metaspace       used 23032K, committed 23424K, reserved 1114112K
  class space    used 3014K, committed 3200K, reserved 1048576K
}
Event: 1.602 GC heap before
{Heap before GC invocations=5 (full 0):
 garbage-first heap   total 61440K, used 40591K [0x0000000705e00000, 0x0000000800000000)
  region size 2048K, 16 young (32768K), 3 survivors (6144K)
 Metaspace       used 25244K, committed 25600K, reserved 1114112K
  class space    used 3301K, committed 3456K, reserved 1048576K
}
Event: 1.606 GC heap after
{Heap after GC invocations=6 (full 0):
 garbage-first heap   total 61440K, used 19203K [0x0000000705e00000, 0x0000000800000000)
  region size 2048K, 2 young (4096K), 2 survivors (4096K)
 Metaspace       used 25244K, committed 25600K, reserved 1114112K
  class space    used 3301K, committed 3456K, reserved 1048576K
}
Event: 1.747 GC heap before
{Heap before GC invocations=6 (full 0):
 garbage-first heap   total 61440K, used 33539K [0x0000000705e00000, 0x0000000800000000)
  region size 2048K, 10 young (20480K), 2 survivors (4096K)
 Metaspace       used 26737K, committed 27136K, reserved 1114112K
  class space    used 3513K, committed 3712K, reserved 1048576K
}
Event: 1.749 GC heap after
{Heap after GC invocations=7 (full 0):
 garbage-first heap   total 61440K, used 20364K [0x0000000705e00000, 0x0000000800000000)
  region size 2048K, 1 young (2048K), 1 survivors (2048K)
 Metaspace       used 26737K, committed 27136K, reserved 1114112K
  class space    used 3513K, committed 3712K, reserved 1048576K
}
Event: 2.067 GC heap before
{Heap before GC invocations=8 (full 0):
 garbage-first heap   total 61440K, used 46988K [0x0000000705e00000, 0x0000000800000000)
  region size 2048K, 14 young (28672K), 1 survivors (2048K)
 Metaspace       used 29827K, committed 30464K, reserved 1114112K
  class space    used 3989K, committed 4288K, reserved 1048576K
}
Event: 2.069 GC heap after
{Heap after GC invocations=9 (full 0):
 garbage-first heap   total 61440K, used 22089K [0x0000000705e00000, 0x0000000800000000)
  region size 2048K, 2 young (4096K), 2 survivors (4096K)
 Metaspace       used 29827K, committed 30464K, reserved 1114112K
  class space    used 3989K, committed 4288K, reserved 1048576K
}
Event: 2.341 GC heap before
{Heap before GC invocations=9 (full 0):
 garbage-first heap   total 61440K, used 48713K [0x0000000705e00000, 0x0000000800000000)
  region size 2048K, 15 young (30720K), 2 survivors (4096K)
 Metaspace       used 33196K, committed 33728K, reserved 1114112K
  class space    used 4531K, committed 4800K, reserved 1048576K
}
Event: 2.344 GC heap after
{Heap after GC invocations=10 (full 0):
 garbage-first heap   total 61440K, used 23905K [0x0000000705e00000, 0x0000000800000000)
  region size 2048K, 2 young (4096K), 2 survivors (4096K)
 Metaspace       used 33196K, committed 33728K, reserved 1114112K
  class space    used 4531K, committed 4800K, reserved 1048576K
}
Event: 2.598 GC heap before
{Heap before GC invocations=10 (full 0):
 garbage-first heap   total 61440K, used 48481K [0x0000000705e00000, 0x0000000800000000)
  region size 2048K, 15 young (30720K), 2 survivors (4096K)
 Metaspace       used 36408K, committed 36928K, reserved 1114112K
  class space    used 4909K, committed 5120K, reserved 1048576K
}
Event: 4.628 GC heap after
{Heap after GC invocations=11 (full 0):
 garbage-first heap   total 159744K, used 26030K [0x0000000705e00000, 0x0000000800000000)
  region size 2048K, 1 young (2048K), 1 survivors (2048K)
 Metaspace       used 36408K, committed 36928K, reserved 1114112K
  class space    used 4909K, committed 5120K, reserved 1048576K
}
Event: 4.690 GC heap before
{Heap before GC invocations=11 (full 0):
 garbage-first heap   total 159744K, used 30126K [0x0000000705e00000, 0x0000000800000000)
  region size 2048K, 3 young (6144K), 1 survivors (2048K)
 Metaspace       used 37326K, committed 37888K, reserved 1114112K
  class space    used 5000K, committed 5248K, reserved 1048576K
}
Event: 4.692 GC heap after
{Heap after GC invocations=12 (full 0):
 garbage-first heap   total 159744K, used 26411K [0x0000000705e00000, 0x0000000800000000)
  region size 2048K, 1 young (2048K), 1 survivors (2048K)
 Metaspace       used 37326K, committed 37888K, reserved 1114112K
  class space    used 5000K, committed 5248K, reserved 1048576K
}
Event: 4.751 GC heap before
{Heap before GC invocations=12 (full 0):
 garbage-first heap   total 159744K, used 30507K [0x0000000705e00000, 0x0000000800000000)
  region size 2048K, 3 young (6144K), 1 survivors (2048K)
 Metaspace       used 38295K, committed 38848K, reserved 1114112K
  class space    used 5145K, committed 5376K, reserved 1048576K
}
Event: 4.752 GC heap after
{Heap after GC invocations=13 (full 0):
 garbage-first heap   total 159744K, used 26432K [0x0000000705e00000, 0x0000000800000000)
  region size 2048K, 1 young (2048K), 1 survivors (2048K)
 Metaspace       used 38295K, committed 38848K, reserved 1114112K
  class space    used 5145K, committed 5376K, reserved 1048576K
}
Event: 4.805 GC heap before
{Heap before GC invocations=13 (full 0):
 garbage-first heap   total 159744K, used 30528K [0x0000000705e00000, 0x0000000800000000)
  region size 2048K, 3 young (6144K), 1 survivors (2048K)
 Metaspace       used 39526K, committed 40064K, reserved 1114112K
  class space    used 5321K, committed 5568K, reserved 1048576K
}
Event: 4.806 GC heap after
{Heap after GC invocations=14 (full 0):
 garbage-first heap   total 159744K, used 26570K [0x0000000705e00000, 0x0000000800000000)
  region size 2048K, 1 young (2048K), 1 survivors (2048K)
 Metaspace       used 39526K, committed 40064K, reserved 1114112K
  class space    used 5321K, committed 5568K, reserved 1048576K
}
Event: 4.857 GC heap before
{Heap before GC invocations=14 (full 0):
 garbage-first heap   total 159744K, used 30666K [0x0000000705e00000, 0x0000000800000000)
  region size 2048K, 3 young (6144K), 1 survivors (2048K)
 Metaspace       used 40518K, committed 41088K, reserved 1114112K
  class space    used 5498K, committed 5760K, reserved 1048576K
}

